<?xml version="1.0" encoding="UTF-8"?>
<testng-results skipped="0" failed="1" ignored="1" total="11" passed="9">
  <reporter-output>
  </reporter-output>
  <suite name="TestCases.ToDoTestCase" duration-ms="25303" started-at="2020-04-01T22:37:07 ICT" finished-at="2020-04-01T22:37:32 ICT">
    <groups>
    </groups>
    <test name="Command line test" duration-ms="25303" started-at="2020-04-01T22:37:07 ICT" finished-at="2020-04-01T22:37:32 ICT">
      <class name="TestCases.ToDoTestCase">
        <test-method status="PASS" signature="setUpBrowser()[pri:0, instance:TestCases.ToDoTestCase@1a968a59]" name="setUpBrowser" is-config="true" duration-ms="15433" started-at="2020-04-01T22:37:07 ICT" finished-at="2020-04-01T22:37:22 ICT">
          <reporter-output>
          </reporter-output>
        </test-method> <!-- setUpBrowser -->
        <test-method status="FAIL" signature="showCompletedList()[pri:0, instance:TestCases.ToDoTestCase@1a968a59]" name="showCompletedList" duration-ms="143" started-at="2020-04-01T22:37:22 ICT" description="Verify that completed list shows correctly" finished-at="2020-04-01T22:37:23 ICT">
          <exception class="org.openqa.selenium.NoSuchElementException">
            <message>
              <![CDATA[no such element: Unable to locate element: {"method":"link text","selector":"Completed"}
  (Session info: chrome=80.0.3987.162)
For documentation on this error, please visit: https://www.seleniumhq.org/exceptions/no_such_element.html
Build info: version: '3.141.59', revision: 'e82be7d358', time: '2018-11-14T08:17:03'
System info: host: 'DESKTOP-39VG3MM', ip: '192.168.1.245', os.name: 'Windows 10', os.arch: 'amd64', os.version: '10.0', java.version: '1.8.0_241'
Driver info: org.openqa.selenium.chrome.ChromeDriver
Capabilities {acceptInsecureCerts: false, browserName: chrome, browserVersion: 80.0.3987.162, chrome: {chromedriverVersion: 80.0.3987.106 (f68069574609..., userDataDir: C:\Users\admin\AppData\Loca...}, goog:chromeOptions: {debuggerAddress: localhost:62536}, javascriptEnabled: true, networkConnectionEnabled: false, pageLoadStrategy: normal, platform: WINDOWS, platformName: WINDOWS, proxy: Proxy(), setWindowRect: true, strictFileInteractability: false, timeouts: {implicit: 0, pageLoad: 300000, script: 30000}, unhandledPromptBehavior: dismiss and notify}
Session ID: ffc270d15c4139198c0bba0290b1fc0c
*** Element info: {Using=link text, value=Completed}]]>
            </message>
            <full-stacktrace>
              <![CDATA[org.openqa.selenium.NoSuchElementException: no such element: Unable to locate element: {"method":"link text","selector":"Completed"}
  (Session info: chrome=80.0.3987.162)
For documentation on this error, please visit: https://www.seleniumhq.org/exceptions/no_such_element.html
Build info: version: '3.141.59', revision: 'e82be7d358', time: '2018-11-14T08:17:03'
System info: host: 'DESKTOP-39VG3MM', ip: '192.168.1.245', os.name: 'Windows 10', os.arch: 'amd64', os.version: '10.0', java.version: '1.8.0_241'
Driver info: org.openqa.selenium.chrome.ChromeDriver
Capabilities {acceptInsecureCerts: false, browserName: chrome, browserVersion: 80.0.3987.162, chrome: {chromedriverVersion: 80.0.3987.106 (f68069574609..., userDataDir: C:\Users\admin\AppData\Loca...}, goog:chromeOptions: {debuggerAddress: localhost:62536}, javascriptEnabled: true, networkConnectionEnabled: false, pageLoadStrategy: normal, platform: WINDOWS, platformName: WINDOWS, proxy: Proxy(), setWindowRect: true, strictFileInteractability: false, timeouts: {implicit: 0, pageLoad: 300000, script: 30000}, unhandledPromptBehavior: dismiss and notify}
Session ID: ffc270d15c4139198c0bba0290b1fc0c
*** Element info: {Using=link text, value=Completed}
at sun.reflect.NativeConstructorAccessorImpl.newInstance0(Native Method)
at sun.reflect.NativeConstructorAccessorImpl.newInstance(NativeConstructorAccessorImpl.java:62)
at sun.reflect.DelegatingConstructorAccessorImpl.newInstance(DelegatingConstructorAccessorImpl.java:45)
at java.lang.reflect.Constructor.newInstance(Constructor.java:423)
at org.openqa.selenium.remote.http.W3CHttpResponseCodec.createException(W3CHttpResponseCodec.java:187)
at org.openqa.selenium.remote.http.W3CHttpResponseCodec.decode(W3CHttpResponseCodec.java:122)
at org.openqa.selenium.remote.http.W3CHttpResponseCodec.decode(W3CHttpResponseCodec.java:49)
at org.openqa.selenium.remote.HttpCommandExecutor.execute(HttpCommandExecutor.java:158)
at org.openqa.selenium.remote.service.DriverCommandExecutor.execute(DriverCommandExecutor.java:83)
at org.openqa.selenium.remote.RemoteWebDriver.execute(RemoteWebDriver.java:552)
at org.openqa.selenium.remote.RemoteWebDriver.findElement(RemoteWebDriver.java:323)
at org.openqa.selenium.remote.RemoteWebDriver.findElementByLinkText(RemoteWebDriver.java:380)
at org.openqa.selenium.By$ByLinkText.findElement(By.java:220)
at org.openqa.selenium.remote.RemoteWebDriver.findElement(RemoteWebDriver.java:315)
at PageObjects.TodoObject.showCompletedTask(TodoObject.java:78)
at TestCases.ToDoTestCase.showCompletedList(ToDoTestCase.java:53)
at sun.reflect.NativeMethodAccessorImpl.invoke0(Native Method)
at sun.reflect.NativeMethodAccessorImpl.invoke(NativeMethodAccessorImpl.java:62)
at sun.reflect.DelegatingMethodAccessorImpl.invoke(DelegatingMethodAccessorImpl.java:43)
at java.lang.reflect.Method.invoke(Method.java:498)
at org.testng.internal.MethodInvocationHelper.invokeMethod(MethodInvocationHelper.java:134)
at org.testng.internal.TestInvoker.invokeMethod(TestInvoker.java:597)
at org.testng.internal.TestInvoker.invokeTestMethod(TestInvoker.java:173)
at org.testng.internal.MethodRunner.runInSequence(MethodRunner.java:46)
at org.testng.internal.TestInvoker$MethodInvocationAgent.invoke(TestInvoker.java:816)
at org.testng.internal.TestInvoker.invokeTestMethods(TestInvoker.java:146)
at org.testng.internal.TestMethodWorker.invokeTestMethods(TestMethodWorker.java:146)
at org.testng.internal.TestMethodWorker.run(TestMethodWorker.java:128)
at java.util.ArrayList.forEach(ArrayList.java:1257)
at org.testng.TestRunner.privateRun(TestRunner.java:766)
at org.testng.TestRunner.run(TestRunner.java:587)
at org.testng.SuiteRunner.runTest(SuiteRunner.java:384)
at org.testng.SuiteRunner.runSequentially(SuiteRunner.java:378)
at org.testng.SuiteRunner.privateRun(SuiteRunner.java:337)
at org.testng.SuiteRunner.run(SuiteRunner.java:286)
at org.testng.SuiteRunnerWorker.runSuite(SuiteRunnerWorker.java:53)
at org.testng.SuiteRunnerWorker.run(SuiteRunnerWorker.java:96)
at org.testng.TestNG.runSuitesSequentially(TestNG.java:1187)
at org.testng.TestNG.runSuitesLocally(TestNG.java:1109)
at org.testng.TestNG.runSuites(TestNG.java:1039)
at org.testng.TestNG.run(TestNG.java:1007)
at org.apache.maven.surefire.testng.TestNGExecutor.run(TestNGExecutor.java:77)
at org.apache.maven.surefire.testng.TestNGDirectoryTestSuite.execute(TestNGDirectoryTestSuite.java:110)
at org.apache.maven.surefire.testng.TestNGProvider.invoke(TestNGProvider.java:106)
at sun.reflect.NativeMethodAccessorImpl.invoke0(Native Method)
at sun.reflect.NativeMethodAccessorImpl.invoke(NativeMethodAccessorImpl.java:62)
at sun.reflect.DelegatingMethodAccessorImpl.invoke(DelegatingMethodAccessorImpl.java:43)
at java.lang.reflect.Method.invoke(Method.java:498)
at org.apache.maven.surefire.util.ReflectionUtils.invokeMethodWithArray(ReflectionUtils.java:189)
at org.apache.maven.surefire.booter.ProviderFactory$ProviderProxy.invoke(ProviderFactory.java:165)
at org.apache.maven.surefire.booter.ProviderFactory.invokeProvider(ProviderFactory.java:85)
at org.apache.maven.surefire.booter.ForkedBooter.runSuitesInProcess(ForkedBooter.java:115)
at org.apache.maven.surefire.booter.ForkedBooter.main(ForkedBooter.java:75)
]]>
            </full-stacktrace>
          </exception> <!-- org.openqa.selenium.NoSuchElementException -->
          <reporter-output>
          </reporter-output>
        </test-method> <!-- showCompletedList -->
        <test-method status="PASS" signature="addTask(java.lang.String)[pri:1, instance:TestCases.ToDoTestCase@1a968a59]" name="addTask" duration-ms="3432" started-at="2020-04-01T22:37:23 ICT" description="Verify that add task works correctly" data-provider="setTask" finished-at="2020-04-01T22:37:26 ICT">
          <params>
            <param index="0">
              <value>
                <![CDATA[task 1]]>
              </value>
            </param>
          </params>
          <reporter-output>
          </reporter-output>
        </test-method> <!-- addTask -->
        <test-method status="PASS" signature="addTask(java.lang.String)[pri:1, instance:TestCases.ToDoTestCase@1a968a59]" name="addTask" duration-ms="972" started-at="2020-04-01T22:37:26 ICT" description="Verify that add task works correctly" data-provider="setTask" finished-at="2020-04-01T22:37:27 ICT">
          <params>
            <param index="0">
              <value>
                <![CDATA[task 2]]>
              </value>
            </param>
          </params>
          <reporter-output>
          </reporter-output>
        </test-method> <!-- addTask -->
        <test-method status="PASS" signature="addTask(java.lang.String)[pri:1, instance:TestCases.ToDoTestCase@1a968a59]" name="addTask" duration-ms="819" started-at="2020-04-01T22:37:27 ICT" description="Verify that add task works correctly" data-provider="setTask" finished-at="2020-04-01T22:37:28 ICT">
          <params>
            <param index="0">
              <value>
                <![CDATA[task 3]]>
              </value>
            </param>
          </params>
          <reporter-output>
          </reporter-output>
        </test-method> <!-- addTask -->
        <test-method status="PASS" signature="addTask(java.lang.String)[pri:1, instance:TestCases.ToDoTestCase@1a968a59]" name="addTask" duration-ms="1025" started-at="2020-04-01T22:37:28 ICT" description="Verify that add task works correctly" data-provider="setTask" finished-at="2020-04-01T22:37:29 ICT">
          <params>
            <param index="0">
              <value>
                <![CDATA[task 4]]>
              </value>
            </param>
          </params>
          <reporter-output>
          </reporter-output>
        </test-method> <!-- addTask -->
        <test-method status="PASS" signature="addTask(java.lang.String)[pri:1, instance:TestCases.ToDoTestCase@1a968a59]" name="addTask" duration-ms="1347" started-at="2020-04-01T22:37:29 ICT" description="Verify that add task works correctly" data-provider="setTask" finished-at="2020-04-01T22:37:30 ICT">
          <params>
            <param index="0">
              <value>
                <![CDATA[task 5]]>
              </value>
            </param>
          </params>
          <reporter-output>
          </reporter-output>
        </test-method> <!-- addTask -->
        <test-method status="PASS" signature="removeTask(java.lang.String)[pri:2, instance:TestCases.ToDoTestCase@1a968a59]" name="removeTask" duration-ms="373" started-at="2020-04-01T22:37:30 ICT" description="Verify that remove task on all list works correctly" data-provider="removeTask" finished-at="2020-04-01T22:37:31 ICT">
          <params>
            <param index="0">
              <value>
                <![CDATA[task 1]]>
              </value>
            </param>
          </params>
          <reporter-output>
          </reporter-output>
        </test-method> <!-- removeTask -->
        <test-method status="PASS" signature="removeTask(java.lang.String)[pri:2, instance:TestCases.ToDoTestCase@1a968a59]" name="removeTask" duration-ms="350" started-at="2020-04-01T22:37:31 ICT" description="Verify that remove task on all list works correctly" data-provider="removeTask" finished-at="2020-04-01T22:37:31 ICT">
          <params>
            <param index="0">
              <value>
                <![CDATA[task 2]]>
              </value>
            </param>
          </params>
          <reporter-output>
          </reporter-output>
        </test-method> <!-- removeTask -->
        <test-method status="PASS" signature="removeTask(java.lang.String)[pri:2, instance:TestCases.ToDoTestCase@1a968a59]" name="removeTask" duration-ms="468" started-at="2020-04-01T22:37:31 ICT" description="Verify that remove task on all list works correctly" data-provider="removeTask" finished-at="2020-04-01T22:37:31 ICT">
          <params>
            <param index="0">
              <value>
                <![CDATA[task 3]]>
              </value>
            </param>
          </params>
          <reporter-output>
          </reporter-output>
        </test-method> <!-- removeTask -->
        <test-method status="PASS" signature="showActiveList()[pri:3, instance:TestCases.ToDoTestCase@1a968a59]" name="showActiveList" duration-ms="614" started-at="2020-04-01T22:37:31 ICT" description="Verify that active list shows correctly" finished-at="2020-04-01T22:37:32 ICT">
          <reporter-output>
          </reporter-output>
        </test-method> <!-- showActiveList -->
      </class> <!-- TestCases.ToDoTestCase -->
    </test> <!-- Command line test -->
  </suite> <!-- TestCases.ToDoTestCase -->
</testng-results>
